<?xml version="1.0" encoding="UTF-8"?>
<testsuite name="Tests" tests="8" skipped="0" failures="0" errors="0" timestamp="2015-10-07T22:02:44" hostname="Pavel_G" time="0.126">
  <properties/>
  <testcase name="testByCayleyHamiltonTheorem" classname="Tests" time="0.061"/>
  <testcase name="MultiplyingByScalarMatricesTest" classname="Tests" time="0.009"/>
  <testcase name="ColumnVectorByMatrixTest" classname="Tests" time="0.01"/>
  <testcase name="generateDenseMatrixTest" classname="Tests" time="0.007"/>
  <testcase name="ColumnVectorTest" classname="Tests" time="0.009"/>
  <testcase name="CubeTest" classname="Tests" time="0.016"/>
  <testcase name="RowVectorByMatrixTest" classname="Tests" time="0.005"/>
  <testcase name="RowVectorTest" classname="Tests" time="0.004"/>
  <system-out><![CDATA[0.0 0.0 0.0 
0.0 0.0 0.0 
0.0 0.0 0.0 
1.0 0.0 0.0 
0.0 8.0 0.0 
0.0 0.0 27.0 
1.0 0.0 0.0 
0.0 8.0 0.0 
0.0 0.0 27.0 
]]></system-out>
  <system-err><![CDATA[]]></system-err>
</testsuite>
