<?xml version="1.0" encoding="UTF-8"?>
<testsuite name="Tests" tests="8" skipped="0" failures="0" errors="0" timestamp="2015-10-08T08:51:29" hostname="Pavel_G" time="0.214">
  <properties/>
  <testcase name="testByCayleyHamiltonTheorem" classname="Tests" time="0.11"/>
  <testcase name="MultiplyingByScalarMatricesTest" classname="Tests" time="0.015"/>
  <testcase name="ColumnVectorByMatrixTest" classname="Tests" time="0.014"/>
  <testcase name="generateDenseMatrixTest" classname="Tests" time="0.014"/>
  <testcase name="ColumnVectorTest" classname="Tests" time="0.011"/>
  <testcase name="CubeTest" classname="Tests" time="0.02"/>
  <testcase name="RowVectorByMatrixTest" classname="Tests" time="0.009"/>
  <testcase name="RowVectorTest" classname="Tests" time="0.007"/>
  <system-out><![CDATA[0.0 0.0 0.0 
0.0 0.0 0.0 
0.0 0.0 0.0 
1.0 0.0 0.0 
0.0 8.0 0.0 
0.0 0.0 27.0 
1.0 0.0 0.0 
0.0 8.0 0.0 
0.0 0.0 27.0 
]]></system-out>
  <system-err><![CDATA[]]></system-err>
</testsuite>
